<?xml version="1.0" encoding="UTF-8"?>
<testng-results ignored="0" total="1" passed="1" failed="0" skipped="0">
  <reporter-output>
  </reporter-output>
  <suite started-at="2023-09-05T11:53:10 IST" name="Open HRM" finished-at="2023-09-05T11:53:16 IST" duration-ms="6102">
    <groups>
    </groups>
    <test started-at="2023-09-05T11:53:10 IST" name="Login Page Test" finished-at="2023-09-05T11:53:16 IST" duration-ms="6102">
      <class name="myTest.loginTest">
        <test-method is-config="true" signature="setUp(java.lang.String)[pri:0, instance:myTest.loginTest@fb9c7aa]" started-at="2023-09-05T11:53:10 IST" name="setUp" finished-at="2023-09-05T11:53:16 IST" duration-ms="5939" status="PASS">
          <params>
            <param index="0">
              <value>
                <![CDATA[chrome]]>
              </value>
            </param>
          </params>
          <reporter-output>
          </reporter-output>
        </test-method> <!-- setUp -->
        <test-method signature="loginPageTitleTest()[pri:0, instance:myTest.loginTest@fb9c7aa]" started-at="2023-09-05T11:53:16 IST" name="loginPageTitleTest" finished-at="2023-09-05T11:53:16 IST" duration-ms="12" status="PASS">
          <reporter-output>
          </reporter-output>
        </test-method> <!-- loginPageTitleTest -->
        <test-method is-config="true" signature="tearDown()[pri:0, instance:myTest.loginTest@fb9c7aa]" started-at="2023-09-05T11:53:16 IST" name="tearDown" finished-at="2023-09-05T11:53:16 IST" duration-ms="120" status="PASS">
          <reporter-output>
          </reporter-output>
        </test-method> <!-- tearDown -->
      </class> <!-- myTest.loginTest -->
    </test> <!-- Login Page Test -->
  </suite> <!-- Open HRM -->
</testng-results>
